<?xml version="1.0" encoding="UTF-8"?>
<testng-results ignored="0" total="1" passed="1" failed="0" skipped="0">
  <reporter-output>
  </reporter-output>
  <suite started-at="2024-09-29T14:22:24 IST" name="Default suite" finished-at="2024-09-29T14:22:40 IST" duration-ms="16100">
    <groups>
    </groups>
    <test started-at="2024-09-29T14:22:24 IST" name="Default test" finished-at="2024-09-29T14:22:40 IST" duration-ms="16100">
      <class name="Assignment.APIAssignment.AddNewDeviceAPI">
        <test-method signature="AddDevice()[pri:0, instance:Assignment.APIAssignment.AddNewDeviceAPI@6aba2b86]" started-at="2024-09-29T14:22:24 IST" name="AddDevice" finished-at="2024-09-29T14:22:40 IST" duration-ms="16053" status="PASS">
          <reporter-output>
          </reporter-output>
        </test-method> <!-- AddDevice -->
      </class> <!-- Assignment.APIAssignment.AddNewDeviceAPI -->
    </test> <!-- Default test -->
  </suite> <!-- Default suite -->
</testng-results>
